<?xml version="1.0" encoding="UTF-8"?>
<testsuite xmlns:xsi="http://www.w3.org/2001/XMLSchema-instance" xsi:schemaLocation="https://maven.apache.org/surefire/maven-surefire-plugin/xsd/surefire-test-report.xsd" name="TestSuite" time="9.218" tests="68" errors="0" skipped="0" failures="0">
  <properties>
[...]
</properties>
  <testcase name="backendHostAndBasePath" classname="com.axway.apim.api.definition.APISpecificationOpenAPI3xTest" time="0.084"/>
  <testcase name="includingBasePath" classname="com.axway.apim.api.definition.APISpecificationSwagger1xTest" time="0.011"/>
  <testcase name="specificPort" classname="com.axway.apim.api.definition.APISpecificationSwagger1xTest" time="0.023"/>
  <testcase name="standardPort" classname="com.axway.apim.api.definition.APISpecificationSwagger1xTest" time="0.032"/>
  <testcase name="standardPortGiven" classname="com.axway.apim.api.definition.APISpecificationSwagger1xTest" time="0.017"/>
  <testcase name="testSwagger11Specification" classname="com.axway.apim.api.definition.APISpecificationSwagger1xTest" time="0.011"/>
  <testcase name="backendBasepathChangesNothing" classname="com.axway.apim.api.definition.APISpecificationSwagger2xTest" time="0"/>
  <testcase name="backendHostAndBasePath" classname="com.axway.apim.api.definition.APISpecificationSwagger2xTest" time="0.012"/>
  <testcase name="backendHostBasisBasePath" classname="com.axway.apim.api.definition.APISpecificationSwagger2xTest" time="0.02"/>
  <testcase name="backendHostOnly" classname="com.axway.apim.api.definition.APISpecificationSwagger2xTest" time="0.039"/>
  <testcase name="swaggerWithoutSchemes" classname="com.axway.apim.api.definition.APISpecificationSwagger2xTest" time="0.015"/>
  <testcase name="testWithoutBackendBasepath" classname="com.axway.apim.api.definition.APISpecificationSwagger2xTest" time="0"/>
  <testcase name="isWSDLSpecification" classname="com.axway.apim.api.definition.APISpecificationWSDLTest" time="0"/>
  <testcase name="configFileWithSpaces" classname="com.axway.apim.test.basic.APIImportConfigAdapterTest" time="0.218"/>
  <testcase name="notDeclaredVariable" classname="com.axway.apim.test.basic.APIImportConfigAdapterTest" time="0.031"/>
  <testcase name="stageConfigInSubDirectory" classname="com.axway.apim.test.basic.APIImportConfigAdapterTest" time="0.045"/>
  <testcase name="usingOSEnvVariable" classname="com.axway.apim.test.basic.APIImportConfigAdapterTest" time="0.008"/>
  <testcase name="withStage" classname="com.axway.apim.test.basic.APIImportConfigAdapterTest" time="0.017"/>
  <testcase name="withoutStage" classname="com.axway.apim.test.basic.APIImportConfigAdapterTest" time="0.019"/>
  <testcase name="testHttpUriCheck" classname="com.axway.apim.test.basic.APIImportConfigTest" time="0.019"/>
  <testcase name="duplicateVHost" classname="com.axway.apim.test.basic.ExistingAPITest" time="0.053"/>
  <testcase name="getUniqueWithRoutingKeyNotOkay" classname="com.axway.apim.test.basic.ExistingAPITest" time="0.208"/>
  <testcase name="getUniqueWithRoutingKeyOK" classname="com.axway.apim.test.basic.ExistingAPITest" time="0.014"/>
  <testcase name="getUniqueWithRoutingKeyOK2" classname="com.axway.apim.test.basic.ExistingAPITest" time="0.021"/>
  <testcase name="getUniqueWithRoutingKeyVHostOK" classname="com.axway.apim.test.basic.ExistingAPITest" time="0.021"/>
  <testcase name="getUniqueWithRoutingKeyVHostOK2" classname="com.axway.apim.test.basic.ExistingAPITest" time="0.16"/>
  <testcase name="nonExistingAPI" classname="com.axway.apim.test.basic.ExistingAPITest" time="0.009"/>
  <testcase name="nonExistingUniqueAPI" classname="com.axway.apim.test.basic.ExistingAPITest" time="0.011"/>
  <testcase name="nothingGivenToFilterTest" classname="com.axway.apim.test.basic.ExistingAPITest" time="0.009"/>
  <testcase name="reponseContainsOneAPIOnly" classname="com.axway.apim.test.basic.ExistingAPITest" time="0"/>
  <testcase name="restrictedOnVHost" classname="com.axway.apim.test.basic.ExistingAPITest" time="0.022"/>
  <testcase name="resultMustBeUniqueButIsNot" classname="com.axway.apim.test.basic.ExistingAPITest" time="0.04"/>
  <testcase name="isVersionWithAPIManager753" classname="com.axway.apim.test.basic.ManagerVersionCheckTest" time="0"/>
  <testcase name="isVersionWithAPIManager762" classname="com.axway.apim.test.basic.ManagerVersionCheckTest" time="0"/>
  <testcase name="isVersionWithAPIManager77" classname="com.axway.apim.test.basic.ManagerVersionCheckTest" time="0"/>
  <testcase name="isVersionWithAPIManager7720200130" classname="com.axway.apim.test.basic.ManagerVersionCheckTest" time="0"/>
  <testcase name="isVersionWithAPIManager7720200331" classname="com.axway.apim.test.basic.ManagerVersionCheckTest" time="0"/>
  <testcase name="testAliasOne" classname="com.axway.apim.test.cacerts.CertFilenameTest" time="0"/>
  <testcase name="testAliasUnknown" classname="com.axway.apim.test.cacerts.CertFilenameTest" time="0.023"/>
  <testcase name="isVhostBreaking" classname="com.axway.apim.test.changestate.ChangeStateTest" time="0"/>
  <testcase name="testOrderMakesNoChange" classname="com.axway.apim.test.changestate.ChangeStateTest" time="0"/>
  <testcase name="testInvalidRetirementDate1" classname="com.axway.apim.test.changestate.RetirementDateParserTest" time="0"/>
  <testcase name="testInvalidRetirementDate2" classname="com.axway.apim.test.changestate.RetirementDateParserTest" time="0"/>
  <testcase name="testValidRetirementDates" classname="com.axway.apim.test.changestate.RetirementDateParserTest" time="0.066"/>
  <testcase name="testAppConfigIssue122Parser" classname="com.axway.apim.test.customproperties.AppConfigParserTest" time="0"/>
  <testcase name="testAppConfigIssue79Parser" classname="com.axway.apim.test.customproperties.AppConfigParserTest" time="0"/>
  <testcase name="testAppConfigParser" classname="com.axway.apim.test.customproperties.AppConfigParserTest" time="0"/>
  <testcase name="testNoStage" classname="com.axway.apim.test.envProperties.EnvPropertiesTest" time="0.008"/>
  <testcase name="testNoStageFromConfDir" classname="com.axway.apim.test.envProperties.EnvPropertiesTest" time="0.018"/>
  <testcase name="testStage" classname="com.axway.apim.test.envProperties.EnvPropertiesTest" time="0.021"/>
  <testcase name="testStageFromConfDir" classname="com.axway.apim.test.envProperties.EnvPropertiesTest" time="0.034"/>
  <testcase name="validateBaseEnvReplacedOSAttribute" classname="com.axway.apim.test.envProperties.SubstituteVariablesTest" time="0.008"/>
  <testcase name="validateStageEnvOveridesAll" classname="com.axway.apim.test.envProperties.SubstituteVariablesTest" time="0.015"/>
  <testcase name="validateSystemOSAreSubstituted" classname="com.axway.apim.test.envProperties.SubstituteVariablesTest" time="0"/>
  <testcase name="testLargeImage" classname="com.axway.apim.test.image.ImageComparisionTest" time="0.12"/>
  <testcase name="testMediumImage" classname="com.axway.apim.test.image.ImageComparisionTest" time="0.116"/>
  <testcase name="testOrigVsProcessedImageSmall" classname="com.axway.apim.test.image.ImageComparisionTest" time="0.016"/>
  <testcase name="testSameImage" classname="com.axway.apim.test.image.ImageComparisionTest" time="0.018"/>
  <testcase name="testSlightlyChangedImage" classname="com.axway.apim.test.image.ImageComparisionTest" time="0.015"/>
  <testcase name="testMapper1" classname="com.axway.apim.test.lib.ErrorCodeMapperTest" time="0.001"/>
  <testcase name="testMapper2" classname="com.axway.apim.test.lib.ErrorCodeMapperTest" time="0.001"/>
  <testcase name="testMapper3" classname="com.axway.apim.test.lib.ErrorCodeMapperTest" time="0"/>
  <testcase name="testMapper4" classname="com.axway.apim.test.lib.ErrorCodeMapperTest" time="0"/>
  <testcase name="testMapper5" classname="com.axway.apim.test.lib.ErrorCodeMapperTest" time="0.001"/>
  <testcase name="testInvalidKeystoreType" classname="com.axway.apim.test.security.PrivateKeystoreLoadTest" time="2.762"/>
  <testcase name="testInvalidPasswordKeystoreFile" classname="com.axway.apim.test.security.PrivateKeystoreLoadTest" time="0.593"/>
  <testcase name="testWorkingKeystoreFile" classname="com.axway.apim.test.security.PrivateKeystoreLoadTest" time="0.695"/>
  <testcase name="testvalidKeystoreType" classname="com.axway.apim.test.security.PrivateKeystoreLoadTest" time="0.596"/>
</testsuite>