<?xml version="1.0" encoding="UTF-8"?>
<!-- Generated by org.testng.reporters.JUnitXMLReporter -->
<testsuite hostname="ITEM-AX31720" name="Surefire test" tests="68" failures="0" timestamp="30 Apr 2020 16:50:58 GMT" time="6.397" errors="0">
  <testcase name="backendHostAndBasePath" time="0.086" classname="com.axway.apim.api.definition.APISpecificationOpenAPI3xTest"/>
  <testcase name="includingBasePath" time="0.002" classname="com.axway.apim.api.definition.APISpecificationSwagger1xTest"/>
  <testcase name="specificPort" time="0.002" classname="com.axway.apim.api.definition.APISpecificationSwagger1xTest"/>
  <testcase name="standardPort" time="0.001" classname="com.axway.apim.api.definition.APISpecificationSwagger1xTest"/>
  <testcase name="standardPortGiven" time="0.002" classname="com.axway.apim.api.definition.APISpecificationSwagger1xTest"/>
  <testcase name="testSwagger11Specification" time="0.005" classname="com.axway.apim.api.definition.APISpecificationSwagger1xTest"/>
  <testcase name="backendBasepathChangesNothing" time="0.012" classname="com.axway.apim.api.definition.APISpecificationSwagger2xTest"/>
  <testcase name="backendHostAndBasePath" time="0.008" classname="com.axway.apim.api.definition.APISpecificationSwagger2xTest"/>
  <testcase name="backendHostBasisBasePath" time="0.005" classname="com.axway.apim.api.definition.APISpecificationSwagger2xTest"/>
  <testcase name="backendHostOnly" time="0.005" classname="com.axway.apim.api.definition.APISpecificationSwagger2xTest"/>
  <testcase name="swaggerWithoutSchemes" time="0.007" classname="com.axway.apim.api.definition.APISpecificationSwagger2xTest"/>
  <testcase name="testWithoutBackendBasepath" time="0.008" classname="com.axway.apim.api.definition.APISpecificationSwagger2xTest"/>
  <testcase name="isWSDLSpecification" time="0.02" classname="com.axway.apim.api.definition.APISpecificationWSDLTest"/>
  <testcase name="configFileWithSpaces" time="0.317" classname="com.axway.apim.test.basic.APIImportConfigAdapterTest"/>
  <testcase name="notDeclaredVariable" time="0.036" classname="com.axway.apim.test.basic.APIImportConfigAdapterTest"/>
  <testcase name="stageConfigInSubDirectory" time="0.029" classname="com.axway.apim.test.basic.APIImportConfigAdapterTest"/>
  <testcase name="usingOSEnvVariable" time="0.031" classname="com.axway.apim.test.basic.APIImportConfigAdapterTest"/>
  <testcase name="withStage" time="0.026" classname="com.axway.apim.test.basic.APIImportConfigAdapterTest"/>
  <testcase name="withoutStage" time="0.026" classname="com.axway.apim.test.basic.APIImportConfigAdapterTest"/>
  <testcase name="testHttpUriCheck" time="0.019" classname="com.axway.apim.test.basic.APIImportConfigTest"/>
  <testcase name="duplicateVHost" time="0.014" classname="com.axway.apim.test.basic.ExistingAPITest"/>
  <testcase name="getUniqueWithRoutingKeyNotOkay" time="0.007" classname="com.axway.apim.test.basic.ExistingAPITest"/>
  <testcase name="getUniqueWithRoutingKeyOK" time="0.003" classname="com.axway.apim.test.basic.ExistingAPITest"/>
  <testcase name="getUniqueWithRoutingKeyOK2" time="0.003" classname="com.axway.apim.test.basic.ExistingAPITest"/>
  <testcase name="getUniqueWithRoutingKeyVHostOK" time="0.002" classname="com.axway.apim.test.basic.ExistingAPITest"/>
  <testcase name="getUniqueWithRoutingKeyVHostOK2" time="0.001" classname="com.axway.apim.test.basic.ExistingAPITest"/>
  <testcase name="nonExistingAPI" time="0.006" classname="com.axway.apim.test.basic.ExistingAPITest"/>
  <testcase name="nonExistingUniqueAPI" time="0.004" classname="com.axway.apim.test.basic.ExistingAPITest"/>
  <testcase name="nothingGivenToFilterTest" time="0.011" classname="com.axway.apim.test.basic.ExistingAPITest"/>
  <testcase name="reponseContainsOneAPIOnly" time="0.001" classname="com.axway.apim.test.basic.ExistingAPITest"/>
  <testcase name="restrictedOnVHost" time="0.004" classname="com.axway.apim.test.basic.ExistingAPITest"/>
  <testcase name="resultMustBeUniqueButIsNot" time="0.006" classname="com.axway.apim.test.basic.ExistingAPITest"/>
  <testcase name="isVersionWithAPIManager753" time="0.012" classname="com.axway.apim.test.basic.ManagerVersionCheckTest"/>
  <testcase name="isVersionWithAPIManager762" time="0.005" classname="com.axway.apim.test.basic.ManagerVersionCheckTest"/>
  <testcase name="isVersionWithAPIManager77" time="0.002" classname="com.axway.apim.test.basic.ManagerVersionCheckTest"/>
  <testcase name="isVersionWithAPIManager7720200130" time="0.004" classname="com.axway.apim.test.basic.ManagerVersionCheckTest"/>
  <testcase name="isVersionWithAPIManager7720200331" time="0.014" classname="com.axway.apim.test.basic.ManagerVersionCheckTest"/>
  <testcase name="testAliasOne" time="0.001" classname="com.axway.apim.test.cacerts.CertFilenameTest"/>
  <testcase name="testAliasUnknown" time="0.003" classname="com.axway.apim.test.cacerts.CertFilenameTest"/>
  <testcase name="isVhostBreaking" time="0.013" classname="com.axway.apim.test.changestate.ChangeStateTest"/>
  <testcase name="testOrderMakesNoChange" time="0.001" classname="com.axway.apim.test.changestate.ChangeStateTest"/>
  <testcase name="testInvalidRetirementDate1" time="0.011" classname="com.axway.apim.test.changestate.RetirementDateParserTest"/>
  <testcase name="testInvalidRetirementDate2" time="0.001" classname="com.axway.apim.test.changestate.RetirementDateParserTest"/>
  <testcase name="testValidRetirementDates" time="0.021" classname="com.axway.apim.test.changestate.RetirementDateParserTest"/>
  <testcase name="testAppConfigIssue122Parser" time="0.005" classname="com.axway.apim.test.customproperties.AppConfigParserTest"/>
  <testcase name="testAppConfigIssue79Parser" time="0.005" classname="com.axway.apim.test.customproperties.AppConfigParserTest"/>
  <testcase name="testAppConfigParser" time="0.019" classname="com.axway.apim.test.customproperties.AppConfigParserTest"/>
  <testcase name="testNoStage" time="0.001" classname="com.axway.apim.test.envProperties.EnvPropertiesTest"/>
  <testcase name="testNoStageFromConfDir" time="0.004" classname="com.axway.apim.test.envProperties.EnvPropertiesTest"/>
  <testcase name="testStage" time="0.001" classname="com.axway.apim.test.envProperties.EnvPropertiesTest"/>
  <testcase name="testStageFromConfDir" time="0.001" classname="com.axway.apim.test.envProperties.EnvPropertiesTest"/>
  <testcase name="validateBaseEnvReplacedOSAttribute" time="0.049" classname="com.axway.apim.test.envProperties.SubstituteVariablesTest"/>
  <testcase name="validateStageEnvOveridesAll" time="0.033" classname="com.axway.apim.test.envProperties.SubstituteVariablesTest"/>
  <testcase name="validateSystemOSAreSubstituted" time="0.026" classname="com.axway.apim.test.envProperties.SubstituteVariablesTest"/>
  <testcase name="testLargeImage" time="0.565" classname="com.axway.apim.test.image.ImageComparisionTest"/>
  <testcase name="testMediumImage" time="0.116" classname="com.axway.apim.test.image.ImageComparisionTest"/>
  <testcase name="testOrigVsProcessedImageSmall" time="0.016" classname="com.axway.apim.test.image.ImageComparisionTest"/>
  <testcase name="testSameImage" time="0.019" classname="com.axway.apim.test.image.ImageComparisionTest"/>
  <testcase name="testSlightlyChangedImage" time="0.016" classname="com.axway.apim.test.image.ImageComparisionTest"/>
  <testcase name="testMapper1" time="0.001" classname="com.axway.apim.test.lib.ErrorCodeMapperTest"/>
  <testcase name="testMapper2" time="0.0" classname="com.axway.apim.test.lib.ErrorCodeMapperTest"/>
  <testcase name="testMapper3" time="0.0" classname="com.axway.apim.test.lib.ErrorCodeMapperTest"/>
  <testcase name="testMapper4" time="0.0" classname="com.axway.apim.test.lib.ErrorCodeMapperTest"/>
  <testcase name="testMapper5" time="0.001" classname="com.axway.apim.test.lib.ErrorCodeMapperTest"/>
  <testcase name="testInvalidKeystoreType" time="2.761" classname="com.axway.apim.test.security.PrivateKeystoreLoadTest"/>
  <testcase name="testInvalidPasswordKeystoreFile" time="0.594" classname="com.axway.apim.test.security.PrivateKeystoreLoadTest"/>
  <testcase name="testWorkingKeystoreFile" time="0.696" classname="com.axway.apim.test.security.PrivateKeystoreLoadTest"/>
  <testcase name="testvalidKeystoreType" time="0.597" classname="com.axway.apim.test.security.PrivateKeystoreLoadTest"/>
</testsuite> <!-- Surefire test -->
